\BOOKMARK [1][-]{section.1}{\376\377\151\202\163\207\213\272\220\350\122\006}{}% 1
\BOOKMARK [2][-]{subsection.1.1}{\376\377\000S\000o\000m\000e\000\040\000I\000m\000p\000o\000r\000t\000a\000n\000t\000\040\000D\000i\000s\000t\000r\000i\000b\000u\000t\000i\000o\000n\000s}{section.1}% 2
\BOOKMARK [2][-]{subsection.1.2}{\376\377\000P\000r\000o\000b\000a\000b\000i\000l\000i\000t\000y\000\040\000a\000n\000d\000\040\000P\000r\000o\000b\000a\000b\000i\000l\000i\000t\000y\000\040\000M\000o\000d\000e\000l}{section.1}% 3
\BOOKMARK [3][-]{subsubsection.1.2.1}{\376\377\000S\000a\000m\000p\000l\000e\000\040\000a\000n\000d\000\040\000-\000F\000i\000e\000l\000d}{subsection.1.2}% 4
\BOOKMARK [3][-]{subsubsection.1.2.2}{\376\377\000A\000x\000i\000o\000m\000s\000\040\000o\000f\000\040\000P\000r\000o\000b\000a\000b\000i\000l\000i\000t\000y}{subsection.1.2}% 5
\BOOKMARK [3][-]{subsubsection.1.2.3}{\376\377\000C\000o\000n\000d\000i\000t\000i\000o\000n\000a\000l\000\040\000P\000r\000o\000b\000a\000b\000i\000l\000i\000t\000y}{subsection.1.2}% 6
\BOOKMARK [2][-]{subsection.1.3}{\376\377\000P\000r\000o\000p\000e\000r\000t\000i\000e\000s\000\040\000o\000f\000\040\000R\000a\000n\000d\000o\000m\000\040\000V\000a\000r\000i\000a\000b\000l\000e\000\040\000a\000n\000d\000\040\000V\000e\000c\000t\000o\000r}{section.1}% 7
\BOOKMARK [3][-]{subsubsection.1.3.1}{\376\377\000R\000a\000n\000d\000o\000m\000\040\000V\000a\000r\000i\000a\000b\000l\000e}{subsection.1.3}% 8
\BOOKMARK [3][-]{subsubsection.1.3.2}{\376\377\000R\000a\000n\000d\000o\000m\000\040\000V\000e\000c\000t\000o\000r}{subsection.1.3}% 9
\BOOKMARK [2][-]{subsection.1.4}{\376\377\000P\000r\000o\000p\000e\000r\000t\000i\000e\000s\000\040\000o\000f\000\040\000E\000\040\000,\000\040\000v\000a\000r\000\040\000a\000n\000d\000\040\000c\000o\000v}{section.1}% 10
\BOOKMARK [3][-]{subsubsection.1.4.1}{\376\377\000E\000x\000p\000e\000c\000t\000i\000o\000n\000\040\000\040\000E\000\050\000\051\000\040}{subsection.1.4}% 11
\BOOKMARK [3][-]{subsubsection.1.4.2}{\376\377\000V\000a\000r\000i\000a\000n\000c\000e}{subsection.1.4}% 12
\BOOKMARK [3][-]{subsubsection.1.4.3}{\376\377\000C\000o\000v\000a\000r\000i\000a\000n\000c\000e\000\040\000a\000n\000d\000\040\000C\000o\000r\000r\000e\000l\000a\000t\000i\000o\000n}{subsection.1.4}% 13
\BOOKMARK [2][-]{subsection.1.5}{\376\377\000P\000G\000F\000,\000\040\000M\000G\000F\000\040\000a\000n\000d\000\040\000C\000.\000F}{section.1}% 14
\BOOKMARK [3][-]{subsubsection.1.5.1}{\376\377\000P\000r\000o\000b\000a\000b\000i\000l\000i\000t\000y\000\040\000G\000e\000n\000e\000r\000a\000t\000i\000n\000g\000\040\000F\000u\000n\000c\000t\000i\000o\000n}{subsection.1.5}% 15
\BOOKMARK [3][-]{subsubsection.1.5.2}{\376\377\000M\000o\000m\000e\000n\000t\000\040\000G\000e\000n\000e\000r\000a\000t\000i\000n\000g\000\040\000F\000u\000n\000c\000t\000i\000o\000n}{subsection.1.5}% 16
\BOOKMARK [3][-]{subsubsection.1.5.3}{\376\377\000C\000h\000a\000r\000a\000c\000t\000e\000r\000i\000s\000t\000i\000c\000\040\000F\000u\000n\000c\000t\000i\000o\000n}{subsection.1.5}% 17
\BOOKMARK [2][-]{subsection.1.6}{\376\377\000C\000o\000n\000v\000e\000r\000g\000e\000n\000c\000e\000\040\000a\000n\000d\000\040\000L\000i\000m\000i\000t\000\040\000D\000i\000s\000t\000r\000i\000b\000u\000t\000i\000o\000n}{section.1}% 18
\BOOKMARK [3][-]{subsubsection.1.6.1}{\376\377\000C\000o\000n\000v\000e\000r\000g\000e\000n\000c\000e\000\040\000M\000o\000d\000e}{subsection.1.6}% 19
\BOOKMARK [3][-]{subsubsection.1.6.2}{\376\377\000L\000a\000w\000\040\000o\000f\000\040\000L\000a\000r\000g\000e\000\040\000N\000u\000m\000b\000e\000r\000\040\000\046\000\040\000C\000e\000n\000t\000r\000a\000l\000\040\000L\000i\000m\000i\000t\000\040\000T\000h\000e\000o\000r\000e\000m}{subsection.1.6}% 20
\BOOKMARK [2][-]{subsection.1.7}{\376\377\000I\000n\000e\000q\000u\000a\000l\000i\000t\000i\000e\000s}{section.1}% 21
\BOOKMARK [2][-]{subsection.1.8}{\376\377\000M\000u\000l\000t\000i\000v\000a\000r\000i\000a\000t\000e\000\040\000N\000o\000r\000m\000a\000l\000\040\000D\000i\000s\000t\000r\000i\000b\000u\000t\000i\000o\000n}{section.1}% 22
\BOOKMARK [3][-]{subsubsection.1.8.1}{\376\377\000L\000i\000n\000e\000a\000r\000\040\000T\000r\000a\000n\000s\000f\000o\000r\000m}{subsection.1.8}% 23
\BOOKMARK [3][-]{subsubsection.1.8.2}{\376\377\000D\000i\000s\000t\000r\000i\000b\000u\000t\000i\000o\000n\000s\000\040\000o\000f\000\040\000F\000u\000n\000c\000t\000i\000o\000n\000\040\000o\000f\000\040\000N\000o\000r\000m\000a\000l\000\040\000V\000a\000r\000i\000a\000b\000l\000e\000:\000\040\0002\000,\000\040\000t\000\046\000\040\000F}{subsection.1.8}% 24
\BOOKMARK [1][-]{section.2}{\376\377\176\337\213\241\143\250\145\255\220\350\122\006}{}% 25
\BOOKMARK [2][-]{subsection.2.1}{\376\377\000S\000t\000a\000t\000i\000s\000t\000i\000c\000a\000l\000\040\000M\000o\000d\000e\000l\000\040\000a\000n\000d\000\040\000S\000t\000a\000t\000i\000s\000t\000i\000c\000s}{section.2}% 26
\BOOKMARK [3][-]{subsubsection.2.1.1}{\376\377\000S\000t\000a\000t\000i\000s\000t\000i\000c\000s}{subsection.2.1}% 27
\BOOKMARK [3][-]{subsubsection.2.1.2}{\376\377\000E\000x\000p\000o\000n\000e\000n\000t\000i\000a\000l\000\040\000F\000a\000m\000i\000l\000y}{subsection.2.1}% 28
\BOOKMARK [3][-]{subsubsection.2.1.3}{\376\377\000S\000u\000f\000f\000i\000c\000i\000e\000n\000t\000\040\000a\000n\000d\000\040\000C\000o\000m\000p\000l\000e\000t\000e\000\040\000S\000t\000a\000t\000i\000s\000t\000i\000c\000s}{subsection.2.1}% 29
\BOOKMARK [2][-]{subsection.2.2}{\376\377\000P\000o\000i\000n\000t\000\040\000E\000s\000t\000i\000m\000a\000t\000i\000o\000n}{section.2}% 30
\BOOKMARK [3][-]{subsubsection.2.2.1}{\376\377\000O\000p\000t\000i\000m\000a\000l\000\040\000C\000r\000i\000t\000e\000r\000i\000o\000n}{subsection.2.2}% 31
\BOOKMARK [3][-]{subsubsection.2.2.2}{\376\377\000M\000e\000t\000h\000o\000d\000\040\000o\000f\000\040\000M\000o\000m\000e\000n\000t\000s}{subsection.2.2}% 32
\BOOKMARK [3][-]{subsubsection.2.2.3}{\376\377\000M\000a\000x\000i\000m\000u\000m\000\040\000L\000i\000k\000e\000l\000i\000h\000o\000o\000d\000\040\000E\000s\000t\000i\000m\000a\000t\000i\000o\000n}{subsection.2.2}% 33
\BOOKMARK [3][-]{subsubsection.2.2.4}{\376\377\000U\000n\000i\000f\000o\000r\000m\000l\000y\000\040\000M\000i\000n\000i\000m\000u\000m\000\040\000V\000a\000r\000i\000a\000n\000c\000e\000\040\000U\000n\000b\000i\000a\000s\000e\000d\000\040\000E\000s\000t\000i\000m\000a\000t\000o\000r}{subsection.2.2}% 34
\BOOKMARK [3][-]{subsubsection.2.2.5}{\376\377\000M\000o\000M\000\040\000a\000n\000d\000\040\000M\000L\000E\000\040\000i\000n\000\040\000L\000i\000n\000e\000a\000r\000\040\000R\000e\000g\000r\000e\000s\000s\000i\000o\000n}{subsection.2.2}% 35
\BOOKMARK [3][-]{subsubsection.2.2.6}{\376\377\000K\000e\000r\000n\000e\000l\000\040\000D\000e\000n\000s\000i\000t\000y\000\040\000E\000s\000t\000i\000m\000a\000t\000i\000o\000n}{subsection.2.2}% 36
\BOOKMARK [2][-]{subsection.2.3}{\376\377\000I\000n\000t\000e\000r\000v\000a\000l\000\040\000E\000s\000t\000i\000m\000a\000t\000i\000o\000n}{section.2}% 37
\BOOKMARK [3][-]{subsubsection.2.3.1}{\376\377\000C\000o\000n\000f\000i\000d\000e\000n\000c\000e\000\040\000I\000n\000t\000e\000r\000v\000a\000l}{subsection.2.3}% 38
\BOOKMARK [3][-]{subsubsection.2.3.2}{\376\377\000P\000i\000v\000o\000t\000\040\000V\000a\000r\000i\000a\000b\000l\000e\000\040\000M\000e\000t\000h\000o\000d}{subsection.2.3}% 39
\BOOKMARK [3][-]{subsubsection.2.3.3}{\376\377\000C\000o\000n\000f\000i\000d\000e\000n\000c\000e\000\040\000I\000n\000t\000e\000r\000v\000a\000l\000\040\000f\000o\000r\000\040\000C\000o\000m\000m\000o\000n\000\040\000D\000i\000s\000t\000r\000i\000b\000u\000t\000i\000o\000n\000s}{subsection.2.3}% 40
\BOOKMARK [3][-]{subsubsection.2.3.4}{\376\377\000F\000i\000s\000h\000e\000r\000\040\000F\000i\000d\000u\000c\000i\000a\000l\000\040\000A\000r\000g\000u\000m\000e\000n\000t\000*}{subsection.2.3}% 41
\BOOKMARK [2][-]{subsection.2.4}{\376\377\000H\000y\000p\000o\000t\000h\000e\000s\000i\000s\000\040\000T\000e\000s\000t\000i\000n\000g}{section.2}% 42
\BOOKMARK [3][-]{subsubsection.2.4.1}{\376\377\000B\000a\000s\000i\000c\000\040\000C\000o\000n\000c\000e\000p\000t\000s}{subsection.2.4}% 43
\BOOKMARK [3][-]{subsubsection.2.4.2}{\376\377\000H\000y\000p\000o\000t\000h\000e\000s\000i\000s\000\040\000T\000e\000s\000t\000i\000n\000g\000\040\000o\000f\000\040\000C\000o\000m\000m\000o\000n\000\040\000D\000i\000s\000t\000r\000i\000b\000u\000t\000i\000o\000n\000s}{subsection.2.4}% 44
\BOOKMARK [3][-]{subsubsection.2.4.3}{\376\377\000L\000i\000k\000e\000l\000i\000h\000o\000o\000d\000\040\000R\000a\000t\000i\000o\000\040\000T\000e\000s\000t}{subsection.2.4}% 45
\BOOKMARK [3][-]{subsubsection.2.4.4}{\376\377\000U\000n\000i\000f\000o\000r\000m\000l\000y\000\040\000M\000o\000s\000t\000\040\000P\000o\000w\000e\000r\000f\000u\000l\000\040\000T\000e\000s\000t}{subsection.2.4}% 46
\BOOKMARK [3][-]{subsubsection.2.4.5}{\376\377\000D\000u\000a\000l\000i\000t\000y\000\040\000o\000f\000\040\000H\000y\000p\000o\000t\000h\000e\000s\000i\000s\000\040\000T\000e\000s\000t\000i\000n\000g\000\040\000a\000n\000d\000\040\000I\000n\000t\000e\000r\000v\000a\000l\000\040\000E\000s\000t\000i\000m\000a\000t\000i\000o\000n}{subsection.2.4}% 47
\BOOKMARK [3][-]{subsubsection.2.4.6}{\376\377\000I\000n\000t\000r\000o\000d\000u\000c\000t\000i\000o\000n\000\040\000t\000o\000\040\000N\000o\000n\000-\000P\000a\000r\000a\000m\000e\000t\000r\000i\000c\000\040\000H\000y\000p\000o\000t\000h\000e\000s\000i\000s\000\040\000T\000e\000s\000t\000i\000n\000g}{subsection.2.4}% 48
\BOOKMARK [1][-]{section.3}{\376\377\176\277\140\047\126\336\137\122\122\006\147\220\220\350\122\006}{}% 49
\BOOKMARK [2][-]{subsection.3.1}{\376\377\000R\000e\000g\000r\000e\000s\000s\000i\000o\000n\000\040\000M\000o\000d\000e\000l}{section.3}% 50
\BOOKMARK [3][-]{subsubsection.3.1.1}{\376\377\000L\000i\000n\000e\000a\000r\000\040\000R\000e\000g\000r\000e\000s\000s\000i\000o\000n\000\040\000M\000o\000d\000e\000l}{subsection.3.1}% 51
\BOOKMARK [3][-]{subsubsection.3.1.2}{\376\377\000F\000a\000c\000t\000o\000r\000\040\000A\000n\000a\000l\000y\000s\000i\000s\000\040\000M\000o\000d\000e\000l}{subsection.3.1}% 52
\BOOKMARK [2][-]{subsection.3.2}{\376\377\000M\000o\000n\000o\000v\000a\000r\000i\000a\000t\000e\000\040\000L\000i\000n\000e\000a\000r\000\040\000R\000e\000g\000r\000e\000s\000s\000i\000o\000n\000\040\000M\000o\000d\000e\000l}{section.3}% 53
\BOOKMARK [3][-]{subsubsection.3.2.1}{\376\377\000T\000h\000e\000\040\000O\000r\000d\000i\000n\000a\000r\000y\000\040\000L\000e\000a\000s\000t\000\040\000S\000q\000u\000a\000r\000e\000\040\000E\000s\000t\000i\000m\000a\000t\000i\000o\000n}{subsection.3.2}% 54
\BOOKMARK [3][-]{subsubsection.3.2.2}{\376\377\000S\000t\000a\000t\000i\000s\000t\000i\000c\000a\000l\000\040\000I\000n\000f\000e\000r\000e\000n\000c\000e\000\040\000t\000o\000\040\000\040\0000\000\040\000,\000\040\000\040\0001\000\040\000,\000\040\000\040\0002\000\040\000,\000\040\000\040\000e\000i\000\040}{subsection.3.2}% 55
\BOOKMARK [3][-]{subsubsection.3.2.3}{\376\377\000P\000r\000e\000d\000i\000c\000t\000i\000o\000n\000\040\000t\000o\000\040\000\040\000Y\000h\000\040}{subsection.3.2}% 56
\BOOKMARK [3][-]{subsubsection.3.2.4}{\376\377\000A\000n\000a\000l\000y\000s\000i\000s\000\040\000o\000f\000\040\000V\000a\000r\000i\000a\000n\000c\000e\000:\000\040\000M\000o\000n\000o\000v\000a\000r\000i\000a\000t\000e}{subsection.3.2}% 57
\BOOKMARK [2][-]{subsection.3.3}{\376\377\000M\000u\000l\000t\000i\000v\000a\000r\000i\000a\000t\000e\000\040\000L\000i\000n\000e\000a\000r\000\040\000R\000e\000g\000r\000e\000s\000s\000i\000o\000n\000\040\000M\000o\000d\000e\000l}{section.3}% 58
\BOOKMARK [3][-]{subsubsection.3.3.1}{\376\377\000T\000h\000e\000\040\000O\000r\000d\000i\000n\000a\000r\000y\000\040\000L\000e\000a\000s\000t\000\040\000E\000s\000t\000i\000m\000a\000t\000i\000o\000n}{subsection.3.3}% 59
\BOOKMARK [3][-]{subsubsection.3.3.2}{\376\377\000S\000t\000a\000t\000i\000s\000t\000i\000c\000a\000l\000\040\000I\000n\000f\000e\000r\000e\000n\000c\000e\000\040\000t\000o\000\040\000\040\000,\000\040\000\040\0002\000\040\000,\000\040\000\040\000e\000\040}{subsection.3.3}% 60
\BOOKMARK [3][-]{subsubsection.3.3.3}{\376\377\000P\000r\000e\000d\000i\000c\000t\000i\000o\000n\000\040\000t\000o\000\040\000\040\000Y\000h\000\040}{subsection.3.3}% 61
\BOOKMARK [3][-]{subsubsection.3.3.4}{\376\377\000A\000n\000a\000l\000y\000s\000i\000s\000\040\000o\000f\000\040\000V\000a\000r\000i\000a\000n\000c\000e\000:\000\040\000M\000u\000l\000t\000i\000v\000a\000r\000i\000a\000t\000e}{subsection.3.3}% 62
\BOOKMARK [2][-]{subsection.3.4}{\376\377\000D\000i\000a\000g\000n\000o\000s\000t\000i\000c\000s}{section.3}% 63
\BOOKMARK [3][-]{subsubsection.3.4.1}{\376\377\000U\000s\000e\000f\000u\000l\000\040\000D\000i\000a\000g\000n\000o\000s\000t\000i\000c\000s\000\040\000P\000l\000o\000t\000s}{subsection.3.4}% 64
\BOOKMARK [3][-]{subsubsection.3.4.2}{\376\377\000D\000i\000a\000g\000n\000o\000s\000t\000i\000c\000s\000\040\000t\000o\000\040\000\040\000X\000\040\000\040\000D\000i\000s\000t\000r\000i\000b\000u\000t\000i\000o\000n}{subsection.3.4}% 65
\BOOKMARK [3][-]{subsubsection.3.4.3}{\376\377\000D\000i\000a\000g\000n\000o\000s\000t\000i\000c\000s\000\040\000t\000o\000\040\000R\000e\000s\000i\000d\000u\000a\000l}{subsection.3.4}% 66
\BOOKMARK [3][-]{subsubsection.3.4.4}{\376\377\000D\000i\000a\000g\000n\000o\000s\000t\000i\000c\000s\000\040\000t\000o\000\040\000I\000n\000f\000l\000u\000e\000n\000t\000i\000a\000l\000s}{subsection.3.4}% 67
\BOOKMARK [3][-]{subsubsection.3.4.5}{\376\377\000E\000x\000t\000r\000a\000\040\000S\000u\000m\000\040\000O\000f\000\040\000S\000q\000u\000a\000r\000e}{subsection.3.4}% 68
\BOOKMARK [3][-]{subsubsection.3.4.6}{\376\377\000H\000y\000p\000o\000t\000h\000e\000s\000e\000s\000\040\000T\000e\000s\000t\000i\000n\000g\000\040\000t\000o\000\040\000S\000l\000o\000p\000e}{subsection.3.4}% 69
\BOOKMARK [3][-]{subsubsection.3.4.7}{\376\377\000D\000i\000a\000g\000n\000o\000s\000t\000i\000c\000s\000\040\000t\000o\000\040\000M\000u\000l\000t\000i\000-\000c\000o\000l\000l\000i\000n\000e\000a\000r\000i\000t\000y}{subsection.3.4}% 70
\BOOKMARK [3][-]{subsubsection.3.4.8}{\376\377\000D\000i\000a\000g\000n\000o\000s\000t\000i\000c\000s\000\040\000t\000o\000\040\000M\000o\000d\000e\000l\000\040\000V\000a\000r\000i\000a\000b\000l\000e\000\040\000S\000e\000l\000e\000c\000t\000i\000o\000n}{subsection.3.4}% 71
\BOOKMARK [2][-]{subsection.3.5}{\376\377\000R\000e\000m\000e\000d\000i\000e\000s}{section.3}% 72
\BOOKMARK [3][-]{subsubsection.3.5.1}{\376\377\000V\000a\000r\000i\000a\000b\000l\000e\000\040\000T\000r\000a\000n\000s\000f\000o\000r\000m\000a\000t\000i\000o\000n}{subsection.3.5}% 73
\BOOKMARK [3][-]{subsubsection.3.5.2}{\376\377\000W\000e\000i\000g\000h\000t\000e\000d\000\040\000L\000e\000a\000s\000t\000\040\000S\000q\000u\000a\000r\000e\000s\000\040\000R\000e\000g\000r\000e\000s\000s\000i\000o\000n}{subsection.3.5}% 74
\BOOKMARK [3][-]{subsubsection.3.5.3}{\376\377\000R\000e\000m\000e\000d\000i\000e\000s\000\040\000f\000o\000r\000\040\000M\000o\000d\000e\000l\000\040\000V\000a\000r\000i\000a\000b\000l\000e\000\040\000S\000e\000l\000e\000c\000t\000i\000o\000n\000\040\000\046\000\040\000M\000o\000r\000e\000\040\000R\000e\000g\000r\000e\000s\000s\000i\000o\000n\000\040\000M\000o\000d\000e\000l}{subsection.3.5}% 75
\BOOKMARK [2][-]{subsection.3.6}{\376\377\000F\000a\000c\000t\000o\000r\000\040\000A\000n\000a\000l\000y\000s\000i\000s\000\040\000o\000f\000\040\000V\000a\000r\000i\000a\000n\000c\000e}{section.3}% 76
\BOOKMARK [3][-]{subsubsection.3.6.1}{\376\377\000S\000i\000n\000g\000l\000e\000\040\000F\000a\000c\000t\000o\000r\000\040\000M\000o\000d\000e\000l}{subsection.3.6}% 77
\BOOKMARK [3][-]{subsubsection.3.6.2}{\376\377\000D\000o\000u\000b\000l\000e\000\040\000F\000a\000c\000t\000o\000r\000\040\000M\000o\000d\000e\000l}{subsection.3.6}% 78
\BOOKMARK [2][-]{subsection.3.7}{\376\377\000G\000e\000n\000e\000r\000a\000l\000i\000z\000e\000d\000\040\000L\000i\000n\000e\000a\000r\000\040\000M\000o\000d\000e\000l}{section.3}% 79
\BOOKMARK [1][-]{section.4}{\376\377\131\032\121\103\176\337\213\241\122\006\147\220\220\350\122\006}{}% 80
\BOOKMARK [2][-]{subsection.4.1}{\376\377\000M\000u\000l\000t\000i\000v\000a\000r\000i\000a\000t\000e\000\040\000D\000a\000t\000a}{section.4}% 81
\BOOKMARK [3][-]{subsubsection.4.1.1}{\376\377\000M\000a\000t\000r\000i\000x\000\040\000R\000e\000p\000r\000e\000s\000e\000n\000t\000a\000t\000i\000o\000n}{subsection.4.1}% 82
\BOOKMARK [3][-]{subsubsection.4.1.2}{\376\377\000R\000e\000v\000i\000e\000w\000:\000\040\000S\000o\000m\000e\000\040\000M\000a\000t\000r\000i\000x\000\040\000N\000o\000t\000a\000t\000i\000o\000n\000\040\000\046\000\040\000L\000e\000m\000m\000a}{subsection.4.1}% 83
\BOOKMARK [3][-]{subsubsection.4.1.3}{\376\377\000U\000s\000e\000f\000u\000l\000\040\000I\000n\000e\000q\000u\000a\000l\000i\000t\000i\000e\000s}{subsection.4.1}% 84
\BOOKMARK [2][-]{subsection.4.2}{\376\377\000S\000t\000a\000t\000i\000s\000t\000i\000c\000a\000l\000\040\000I\000n\000f\000e\000r\000e\000n\000c\000e\000\040\000t\000o\000\040\000M\000u\000l\000t\000i\000v\000a\000r\000i\000a\000t\000e\000\040\000P\000o\000p\000u\000l\000a\000t\000i\000o\000n}{section.4}% 85
\BOOKMARK [3][-]{subsubsection.4.2.1}{\376\377\000M\000u\000l\000t\000i\000v\000a\000r\000i\000a\000t\000e\000\040\000N\000o\000r\000m\000a\000l\000\040\000D\000i\000s\000t\000r\000i\000b\000u\000t\000i\000o\000n}{subsection.4.2}% 86
\BOOKMARK [3][-]{subsubsection.4.2.2}{\376\377\000M\000L\000E\000\040\000o\000f\000\040\000M\000u\000l\000t\000i\000v\000a\000r\000i\000a\000t\000e\000\040\000N\000o\000r\000m\000a\000l}{subsection.4.2}% 87
\BOOKMARK [3][-]{subsubsection.4.2.3}{\376\377\000S\000a\000m\000p\000l\000i\000n\000g\000\040\000d\000i\000s\000t\000r\000i\000b\000u\000t\000i\000o\000n\000\040\000o\000f\000\040\000\040\000s\000i\000u\000n\000i\000t\000x\000u\000n\000i\000t\000-\000d\000e\000p\000r\000e\000c\000a\000t\000e\000d\bar\000b\000a\000r\000b\000a\000r\000X\000\040\000\040\000a\000n\000d\000\040\000\040\000S\000\040}{subsection.4.2}% 88
\BOOKMARK [3][-]{subsubsection.4.2.4}{\376\377\000H\000y\000p\000o\000t\000h\000e\000s\000i\000s\000\040\000T\000e\000s\000t\000i\000n\000g\000\040\000f\000o\000r\000\040\000N\000o\000r\000m\000a\000l\000\040\000P\000o\000p\000u\000l\000a\000t\000i\000o\000n}{subsection.4.2}% 89
\BOOKMARK [3][-]{subsubsection.4.2.5}{\376\377\000C\000o\000n\000f\000i\000d\000e\000n\000c\000e\000\040\000R\000e\000g\000i\000o\000n}{subsection.4.2}% 90
\BOOKMARK [3][-]{subsubsection.4.2.6}{\376\377\000L\000a\000r\000g\000e\000\040\000S\000a\000m\000p\000l\000e\000\040\000M\000u\000l\000t\000i\000v\000a\000r\000i\000a\000t\000e\000\040\000I\000n\000f\000e\000r\000e\000n\000c\000e}{subsection.4.2}% 91
\BOOKMARK [2][-]{subsection.4.3}{\376\377\000P\000r\000i\000n\000c\000i\000p\000a\000l\000\040\000C\000o\000m\000p\000o\000n\000e\000n\000t\000\040\000A\000n\000a\000l\000y\000s\000i\000s}{section.4}% 92
\BOOKMARK [3][-]{subsubsection.4.3.1}{\376\377\000P\000o\000p\000u\000l\000a\000t\000i\000o\000n\000\040\000P\000r\000i\000n\000c\000i\000p\000a\000l\000\040\000C\000o\000m\000p\000o\000n\000e\000n\000t}{subsection.4.3}% 93
\BOOKMARK [3][-]{subsubsection.4.3.2}{\376\377\000S\000a\000m\000p\000l\000e\000\040\000P\000r\000i\000n\000c\000i\000p\000a\000l\000\040\000C\000o\000m\000p\000o\000n\000e\000n\000t}{subsection.4.3}% 94
\BOOKMARK [2][-]{subsection.4.4}{\376\377\000F\000a\000c\000t\000o\000r\000\040\000A\000n\000a\000l\000y\000s\000i\000s}{section.4}% 95
\BOOKMARK [3][-]{subsubsection.4.4.1}{\376\377\000O\000r\000t\000h\000o\000g\000o\000n\000a\000l\000\040\000F\000a\000c\000t\000o\000r\000\040\000M\000o\000d\000e\000l}{subsection.4.4}% 96
\BOOKMARK [3][-]{subsubsection.4.4.2}{\376\377\000P\000r\000i\000n\000c\000i\000p\000a\000l\000\040\000C\000o\000m\000p\000o\000n\000e\000n\000t\000\040\000A\000p\000p\000r\000o\000a\000c\000h}{subsection.4.4}% 97
\BOOKMARK [3][-]{subsubsection.4.4.3}{\376\377\000M\000L\000E\000\040\000M\000e\000t\000h\000o\000d}{subsection.4.4}% 98
\BOOKMARK [2][-]{subsection.4.5}{\376\377\000C\000a\000n\000o\000n\000i\000c\000a\000l\000\040\000C\000o\000r\000r\000e\000l\000a\000t\000i\000o\000n\000\040\000A\000n\000a\000l\000y\000s\000i\000s}{section.4}% 99
\BOOKMARK [3][-]{subsubsection.4.5.1}{\376\377\000C\000a\000n\000o\000n\000i\000c\000a\000l\000\040\000V\000a\000r\000i\000a\000t\000e\000\040\000P\000a\000i\000r}{subsection.4.5}% 100
\BOOKMARK [3][-]{subsubsection.4.5.2}{\376\377\000C\000a\000n\000o\000n\000i\000c\000a\000l\000\040\000C\000o\000r\000r\000e\000l\000a\000t\000i\000o\000n\000\040\000b\000a\000s\000e\000d\000\040\000o\000n\000\040\000S\000t\000a\000n\000d\000a\000r\000d\000i\000z\000e\000d\000\040\000V\000a\000r\000i\000a\000b\000l\000e\000s}{subsection.4.5}% 101
\BOOKMARK [3][-]{subsubsection.4.5.3}{\376\377\000S\000a\000m\000p\000l\000e\000\040\000C\000a\000n\000o\000n\000i\000c\000a\000l\000\040\000C\000o\000r\000r\000e\000l\000a\000t\000i\000o\000n}{subsection.4.5}% 102
\BOOKMARK [2][-]{subsection.4.6}{\376\377\000D\000i\000s\000c\000r\000i\000m\000i\000n\000a\000n\000t\000\040\000A\000n\000a\000l\000y\000s\000i\000s}{section.4}% 103
\BOOKMARK [3][-]{subsubsection.4.6.1}{\376\377\000C\000l\000a\000s\000s\000i\000f\000i\000c\000a\000t\000i\000o\000n\000\040\000C\000r\000i\000t\000e\000r\000i\000o\000n}{subsection.4.6}% 104
\BOOKMARK [3][-]{subsubsection.4.6.2}{\376\377\000L\000i\000n\000e\000a\000r\000\040\000\046\000\040\000Q\000u\000a\000d\000r\000a\000t\000i\000c\000\040\000D\000i\000s\000c\000r\000i\000m\000i\000n\000a\000n\000t\000\040\000A\000n\000a\000l\000y\000s\000i\000s}{subsection.4.6}% 105
\BOOKMARK [3][-]{subsubsection.4.6.3}{\376\377\000F\000i\000s\000h\000e\000r\000'\000s\000\040\000D\000i\000s\000c\000r\000i\000m\000i\000n\000a\000n\000t\000\040\000A\000n\000a\000l\000y\000s\000i\000s}{subsection.4.6}% 106
\BOOKMARK [3][-]{subsubsection.4.6.4}{\376\377\000E\000v\000a\000l\000u\000a\000t\000i\000o\000n\000\040\000o\000f\000\040\000D\000i\000s\000c\000r\000i\000m\000i\000n\000a\000n\000t\000\040\000M\000o\000d\000e\000l}{subsection.4.6}% 107
\BOOKMARK [2][-]{subsection.4.7}{\376\377\000C\000l\000u\000s\000t\000e\000r\000i\000n\000g\000\040\000A\000n\000a\000l\000y\000s\000i\000s}{section.4}% 108
\BOOKMARK [3][-]{subsubsection.4.7.1}{\376\377\000A\000g\000g\000l\000o\000m\000e\000r\000a\000t\000i\000v\000e\000\040\000C\000l\000u\000s\000t\000e\000r\000i\000n\000g\000\040\000A\000l\000g\000o\000r\000i\000t\000h\000m}{subsection.4.7}% 109
\BOOKMARK [3][-]{subsubsection.4.7.2}{\376\377\000\040\000K\000\040\000-\000M\000e\000a\000n\000s\000\040\000C\000l\000u\000s\000t\000e\000r\000i\000n\000g\000\040\000A\000l\000g\000o\000r\000i\000t\000h\000m}{subsection.4.7}% 110
\BOOKMARK [3][-]{subsubsection.4.7.3}{\376\377\000E\000x\000p\000e\000c\000t\000a\000t\000i\000o\000n\000\040\000M\000a\000x\000i\000m\000i\000z\000a\000t\000i\000o\000n\000\040\000A\000l\000g\000o\000r\000i\000t\000h\000m\000\040\000f\000o\000r\000\040\000G\000a\000u\000s\000s\000i\000a\000n\000\040\000M\000i\000x\000t\000u\000r\000e\000\040\000M\000o\000d\000e\000l}{subsection.4.7}% 111
\BOOKMARK [3][-]{subsubsection.4.7.4}{\376\377\000D\000B\000S\000C\000A\000N\000\040\000\046\000\040\000O\000P\000T\000I\000C\000S\000\040\000D\000e\000n\000s\000i\000t\000y\000\040\000C\000l\000u\000s\000t\000e\000r\000i\000n\000g\000\040\000A\000l\000g\000o\000r\000i\000t\000h\000m}{subsection.4.7}% 112
\BOOKMARK [1][-]{section.5}{\376\377\145\160\143\156\171\321\133\146\133\374\213\272\220\350\122\006}{}% 113
\BOOKMARK [2][-]{subsection.5.1}{\376\377\000B\000a\000s\000i\000c\000\040\000R\000.\000\040\000M\000a\000n\000i\000p\000u\000l\000a\000t\000i\000o\000n}{section.5}% 114
\BOOKMARK [3][-]{subsubsection.5.1.1}{\376\377\000I\000n\000s\000t\000a\000l\000l\000a\000t\000i\000o\000n\000\040\000a\000n\000d\000\040\000M\000a\000i\000n\000t\000e\000n\000a\000n\000c\000e\000\040\000o\000f\000\040\000R\000.}{subsection.5.1}% 115
\BOOKMARK [3][-]{subsubsection.5.1.2}{\376\377\000D\000a\000t\000a\000\040\000S\000t\000r\000u\000c\000t\000u\000r\000e\000\040\000a\000n\000d\000\040\000B\000a\000s\000i\000c\000\040\000M\000a\000n\000i\000p\000u\000l\000a\000t\000i\000o\000n\000\040\000i\000n\000\040\000R\000.}{subsection.5.1}% 116
\BOOKMARK [3][-]{subsubsection.5.1.3}{\376\377\000F\000u\000n\000c\000t\000i\000o\000n\000s\000\040\000a\000n\000d\000\040\000C\000o\000n\000t\000r\000o\000l\000\040\000F\000l\000o\000w}{subsection.5.1}% 117
\BOOKMARK [3][-]{subsubsection.5.1.4}{\376\377\000V\000e\000c\000t\000o\000r\000i\000z\000e\000d\000\040\000O\000p\000e\000r\000a\000t\000i\000o\000n}{subsection.5.1}% 118
\BOOKMARK [3][-]{subsubsection.5.1.5}{\376\377\000S\000u\000b\000s\000e\000t\000t\000i\000n\000g}{subsection.5.1}% 119
\BOOKMARK [3][-]{subsubsection.5.1.6}{\376\377\000D\000a\000t\000a\000\040\000M\000a\000n\000i\000p\000u\000l\000a\000t\000i\000o\000n\000\040\000W\000i\000t\000h\000\040\000d\000p\000l\000y\000r\000.\000\040\000A\000n\000d\000\040\000t\000i\000d\000y\000r\000.}{subsection.5.1}% 120
\BOOKMARK [2][-]{subsection.5.2}{\376\377\000T\000e\000x\000t\000\040\000P\000r\000o\000c\000e\000s\000s\000i\000n\000g\000\040\000\046\000\040\000T\000e\000x\000t\000\040\000M\000i\000n\000i\000n\000g}{section.5}% 121
\BOOKMARK [3][-]{subsubsection.5.2.1}{\376\377\000B\000a\000s\000i\000c\000\040\000T\000e\000x\000t\000\040\000M\000a\000n\000i\000p\000u\000l\000a\000t\000i\000o\000n\000\040\000W\000i\000t\000h\000\040\000s\000t\000r\000i\000n\000g\000r\000.}{subsection.5.2}% 122
\BOOKMARK [3][-]{subsubsection.5.2.2}{\376\377\000R\000e\000g\000u\000l\000a\000r\000\040\000E\000x\000p\000r\000e\000s\000s\000i\000o\000n}{subsection.5.2}% 123
\BOOKMARK [3][-]{subsubsection.5.2.3}{\376\377\000W\000e\000b\000\040\000S\000c\000r\000a\000p\000i\000n\000g}{subsection.5.2}% 124
\BOOKMARK [2][-]{subsection.5.3}{\376\377\000G\000r\000a\000p\000h\000i\000c\000\040\000i\000n\000\040\000R\000.}{section.5}% 125
\BOOKMARK [3][-]{subsubsection.5.3.1}{\376\377\000R\000:\000:\000b\000a\000s\000e\000\040\000P\000l\000o\000t\000t\000i\000n\000g}{subsection.5.3}% 126
\BOOKMARK [3][-]{subsubsection.5.3.2}{\376\377\000R\000:\000:\000g\000g\000p\000l\000o\000t\0002\000\040\000P\000l\000o\000t\000t\000i\000n\000g}{subsection.5.3}% 127
\BOOKMARK [1][-]{section.6}{\376\377\176\337\213\241\213\241\173\227\116\016\217\157\116\366\220\350\122\006}{}% 128
\BOOKMARK [2][-]{subsection.6.1}{\376\377\000A\000l\000g\000o\000r\000i\000t\000h\000m\000\040\000T\000h\000e\000o\000r\000y\000\040\000I\000n\000t\000r\000o\000d\000u\000c\000t\000i\000o\000n}{section.6}% 129
\BOOKMARK [3][-]{subsubsection.6.1.1}{\376\377\000F\000i\000n\000i\000t\000e\000\040\000P\000r\000e\000c\000i\000s\000i\000o\000n\000\040\000C\000o\000m\000p\000u\000t\000a\000t\000i\000o\000n}{subsection.6.1}% 130
\BOOKMARK [3][-]{subsubsection.6.1.2}{\376\377\000S\000t\000a\000b\000i\000l\000i\000t\000y\000\040\000\046\000\040\000A\000c\000c\000u\000r\000a\000c\000y}{subsection.6.1}% 131
\BOOKMARK [3][-]{subsubsection.6.1.3}{\376\377\000I\000t\000e\000r\000a\000t\000i\000o\000n\000\040\000A\000l\000g\000o\000r\000i\000t\000h\000m}{subsection.6.1}% 132
\BOOKMARK [3][-]{subsubsection.6.1.4}{\376\377\000C\000o\000n\000s\000t\000r\000a\000i\000n\000e\000d\000\040\000O\000p\000t\000i\000m\000i\000z\000e\000\040\000T\000h\000e\000o\000r\000y}{subsection.6.1}% 133
\BOOKMARK [2][-]{subsection.6.2}{\376\377\000A\000l\000g\000e\000b\000r\000a\000t\000i\000c\000\040\000P\000r\000o\000b\000l\000e\000m\000\040\000i\000n\000\040\000S\000t\000a\000t\000i\000s\000t\000i\000c\000s}{section.6}% 134
\BOOKMARK [3][-]{subsubsection.6.2.1}{\376\377\000M\000a\000t\000r\000i\000x\000\040\000O\000p\000e\000r\000a\000t\000i\000o\000n}{subsection.6.2}% 135
\BOOKMARK [3][-]{subsubsection.6.2.2}{\376\377\000P\000r\000o\000j\000e\000c\000t\000i\000o\000n\000\040\000a\000n\000d\000\040\000L\000e\000a\000s\000t\000\040\000S\000q\000u\000a\000r\000e\000\040\000P\000r\000o\000b\000l\000e\000m}{subsection.6.2}% 136
\BOOKMARK [3][-]{subsubsection.6.2.3}{\376\377\000G\000a\000u\000s\000s\000i\000a\000n\000\040\000\040\000L\000U\000\040\000\040\000D\000e\000c\000o\000m\000p\000o\000s\000i\000t\000i\000o\000n\000\040\000\046\000\040\000C\000h\000o\000l\000e\000s\000k\000y\000\040\000D\000e\000c\000o\000m\000p\000o\000s\000i\000t\000i\000o\000n}{subsection.6.2}% 137
\BOOKMARK [3][-]{subsubsection.6.2.4}{\376\377\000\040\000Q\000R\000\040\000\040\000D\000e\000c\000o\000m\000p\000o\000s\000i\000t\000i\000o\000n\000:\000\040\000G\000r\000a\000m\000-\000S\000c\000h\000m\000i\000d\000t\000/\000H\000o\000u\000s\000e\000h\000o\000l\000d\000e\000r\000/\000G\000i\000v\000e\000n\000s\000\040\000M\000e\000t\000h\000o\000d}{subsection.6.2}% 138
\BOOKMARK [3][-]{subsubsection.6.2.5}{\376\377\000E\000i\000g\000e\000n\000v\000a\000l\000u\000e\000\040\000D\000e\000c\000o\000m\000p\000o\000s\000i\000t\000i\000o\000n}{subsection.6.2}% 139
\BOOKMARK [3][-]{subsubsection.6.2.6}{\376\377\000S\000V\000D\000\040\000D\000e\000c\000o\000m\000p\000o\000s\000i\000t\000i\000o\000n}{subsection.6.2}% 140
\BOOKMARK [3][-]{subsubsection.6.2.7}{\376\377\000S\000c\000h\000u\000r\000\040\000D\000e\000c\000o\000m\000p\000o\000s\000i\000t\000i\000o\000n}{subsection.6.2}% 141
\BOOKMARK [2][-]{subsection.6.3}{\376\377\000N\000u\000m\000e\000r\000i\000c\000\040\000O\000p\000t\000i\000m\000i\000z\000a\000t\000i\000o\000n\000\040\000A\000l\000g\000o\000r\000i\000t\000h\000m\000\040\000I}{section.6}% 142
\BOOKMARK [3][-]{subsubsection.6.3.1}{\376\377\000G\000o\000l\000d\000e\000n\000\040\000S\000e\000c\000t\000i\000o\000n\000/\000F\000i\000b\000o\000n\000a\000c\000c\000i\000\040\000S\000e\000c\000t\000i\000o\000n\000\040\000S\000e\000a\000r\000c\000h}{subsection.6.3}% 143
\BOOKMARK [3][-]{subsubsection.6.3.2}{\376\377\000B\000i\000s\000e\000c\000t\000i\000o\000n\000\040\000S\000e\000a\000r\000c\000h\000\040\000M\000e\000t\000h\000o\000d}{subsection.6.3}% 144
\BOOKMARK [3][-]{subsubsection.6.3.3}{\376\377\000I\000n\000t\000e\000r\000p\000o\000l\000a\000t\000i\000o\000n\000\040\000M\000e\000t\000h\000o\000d\000s\000:\000\040\000L\000i\000n\000e\000a\000r\000/\000Q\000u\000a\000d\000r\000a\000t\000i\000c\000/\000L\000a\000g\000r\000a\000n\000g\000e\000\040\000I\000n\000t\000e\000r\000p\000o\000l\000a\000t\000i\000o\000n}{subsection.6.3}% 145
\BOOKMARK [3][-]{subsubsection.6.3.4}{\376\377\000H\000y\000b\000r\000i\000d\000\040\000M\000e\000t\000h\000o\000d\000:\000\040\000D\000e\000k\000k\000e\000r\000'\000s\000/\000B\000r\000e\000n\000t\000'\000s}{subsection.6.3}% 146
\BOOKMARK [3][-]{subsubsection.6.3.5}{\376\377\000F\000i\000x\000e\000d\000\040\000P\000o\000i\000n\000t\000\040\000I\000t\000e\000r\000a\000t\000i\000o\000n\000:\000\040\000U\000n\000i\000v\000a\000r\000i\000a\000t\000e}{subsection.6.3}% 147
\BOOKMARK [3][-]{subsubsection.6.3.6}{\376\377\000F\000i\000x\000e\000d\000\040\000P\000o\000i\000n\000t\000\040\000I\000t\000e\000r\000a\000t\000i\000o\000n\000:\000\040\000M\000u\000l\000t\000i\000v\000a\000r\000i\000a\000t\000e\000\040\000L\000i\000n\000e\000a\000r}{subsection.6.3}% 148
\BOOKMARK [3][-]{subsubsection.6.3.7}{\376\377\000N\000e\000l\000d\000e\000r\000-\000M\000e\000a\000d\000\040\000M\000e\000t\000h\000o\000d}{subsection.6.3}% 149
\BOOKMARK [2][-]{subsection.6.4}{\376\377\000N\000u\000m\000e\000r\000i\000c\000\040\000O\000p\000t\000i\000m\000i\000z\000a\000t\000i\000o\000n\000\040\000A\000l\000g\000o\000r\000i\000t\000h\000m\000\040\000I\000I}{section.6}% 150
\BOOKMARK [3][-]{subsubsection.6.4.1}{\376\377\000G\000r\000a\000d\000i\000e\000n\000t\000\040\000D\000e\000s\000c\000e\000n\000t\000\040\000M\000e\000t\000h\000o\000d}{subsection.6.4}% 151
\BOOKMARK [3][-]{subsubsection.6.4.2}{\376\377\000N\000e\000w\000t\000o\000n\000-\000R\000a\000p\000h\000s\000o\000n\000\040\000M\000e\000t\000h\000o\000d}{subsection.6.4}% 152
\BOOKMARK [3][-]{subsubsection.6.4.3}{\376\377\000F\000i\000s\000h\000e\000r\000'\000s\000\040\000S\000c\000o\000r\000i\000n\000g\000\040\000M\000e\000t\000h\000o\000d\000\040\000i\000n\000\040\000M\000L\000E}{subsection.6.4}% 153
\BOOKMARK [3][-]{subsubsection.6.4.4}{\376\377\000L\000i\000n\000e\000a\000r\000\040\000M\000o\000d\000i\000f\000i\000c\000a\000t\000i\000o\000n\000\040\000t\000o\000\040\000S\000t\000e\000p\000\040\000L\000e\000n\000g\000t\000h}{subsection.6.4}% 154
\BOOKMARK [3][-]{subsubsection.6.4.5}{\376\377\000Q\000u\000a\000s\000i\000\040\000N\000e\000w\000t\000o\000n\000\040\000M\000e\000t\000h\000o\000d}{subsection.6.4}% 155
\BOOKMARK [3][-]{subsubsection.6.4.6}{\376\377\000S\000t\000e\000e\000p\000e\000s\000t\000\040\000D\000e\000s\000c\000e\000n\000t\000*}{subsection.6.4}% 156
\BOOKMARK [3][-]{subsubsection.6.4.7}{\376\377\000T\000r\000u\000s\000t\000\040\000R\000e\000g\000i\000o\000n\000\040\000M\000e\000t\000h\000o\000d}{subsection.6.4}% 157
\BOOKMARK [3][-]{subsubsection.6.4.8}{\376\377\000C\000o\000n\000j\000u\000g\000a\000t\000e\000\040\000G\000r\000a\000d\000i\000e\000n\000t\000\040\000M\000e\000t\000h\000o\000d}{subsection.6.4}% 158
\BOOKMARK [2][-]{subsection.6.5}{\376\377\000E\000x\000p\000e\000c\000t\000a\000t\000i\000o\000n\000\040\000M\000a\000x\000i\000m\000i\000z\000a\000t\000i\000o\000n\000\040\000A\000l\000g\000o\000r\000i\000t\000h\000m}{section.6}% 159
\BOOKMARK [3][-]{subsubsection.6.5.1}{\376\377\000R\000e\000q\000u\000i\000s\000i\000t\000e\000\040\000K\000n\000o\000w\000l\000e\000d\000g\000e}{subsection.6.5}% 160
\BOOKMARK [3][-]{subsubsection.6.5.2}{\376\377\000D\000e\000r\000i\000v\000a\000t\000i\000o\000n}{subsection.6.5}% 161
\BOOKMARK [2][-]{subsection.6.6}{\376\377\000S\000t\000a\000t\000i\000s\000t\000i\000c\000a\000l\000\040\000S\000i\000m\000u\000l\000a\000t\000i\000o\000n}{section.6}% 162
\BOOKMARK [3][-]{subsubsection.6.6.1}{\376\377\000R\000a\000n\000d\000o\000m\000\040\000N\000u\000m\000b\000e\000r\000\040\000G\000e\000n\000e\000r\000a\000t\000i\000o\000n}{subsection.6.6}% 163
\BOOKMARK [3][-]{subsubsection.6.6.2}{\376\377\000N\000u\000m\000e\000r\000i\000c\000a\000l\000\040\000I\000n\000t\000e\000g\000r\000a\000t\000i\000o\000n\000\040\000W\000i\000t\000h\000\040\000S\000i\000m\000u\000l\000a\000t\000i\000o\000n}{subsection.6.6}% 164
\BOOKMARK [3][-]{subsubsection.6.6.3}{\376\377\000B\000o\000o\000t\000s\000t\000r\000a\000p}{subsection.6.6}% 165
\BOOKMARK [3][-]{subsubsection.6.6.4}{\376\377\000M\000a\000r\000k\000o\000v\000\040\000C\000h\000a\000i\000n\000\040\000M\000o\000n\000t\000e\000\040\000C\000a\000r\000l\000o\000\040\000M\000e\000t\000h\000o\000d}{subsection.6.6}% 166
\BOOKMARK [1][-]{section.7}{\376\377\123\357\227\140\140\047\145\160\143\156\116\016\165\037\133\130\122\006\147\220\220\350\122\006}{}% 167
\BOOKMARK [2][-]{subsection.7.1}{\376\377\000R\000e\000l\000i\000a\000b\000i\000l\000i\000t\000y\000\040\000D\000a\000t\000a}{section.7}% 168
\BOOKMARK [3][-]{subsubsection.7.1.1}{\376\377\000R\000i\000g\000h\000t\000\040\000C\000e\000n\000s\000o\000r\000\040\000D\000a\000t\000a\000\040\000a\000n\000d\000\040\000R\000e\000p\000r\000e\000s\000e\000n\000t\000a\000t\000i\000o\000n}{subsection.7.1}% 169
\BOOKMARK [3][-]{subsubsection.7.1.2}{\376\377\000L\000i\000f\000e\000\040\000T\000a\000b\000l\000e\000\040\000D\000a\000t\000a}{subsection.7.1}% 170
\BOOKMARK [2][-]{subsection.7.2}{\376\377\000S\000u\000r\000v\000i\000v\000a\000l\000\040\000M\000o\000d\000e\000l\000\040\000a\000n\000d\000\040\000S\000t\000a\000t\000i\000s\000t\000i\000c\000a\000l\000\040\000I\000n\000f\000e\000r\000e\000n\000c\000e}{section.7}% 171
\BOOKMARK [3][-]{subsubsection.7.2.1}{\376\377\000S\000u\000r\000v\000i\000v\000a\000l\000\040\000F\000u\000n\000c\000t\000i\000o\000n\000\040\000a\000n\000d\000\040\000H\000a\000z\000a\000r\000d}{subsection.7.2}% 172
\BOOKMARK [3][-]{subsubsection.7.2.2}{\376\377\000P\000a\000r\000a\000m\000e\000t\000r\000i\000c\000\040\000S\000t\000a\000t\000i\000s\000t\000i\000c\000a\000l\000\040\000I\000n\000f\000e\000r\000e\000n\000c\000e\000\040\000t\000o\000\040\000S\000u\000r\000v\000i\000v\000a\000l\000\040\000F\000u\000n\000c\000t\000i\000o\000n}{subsection.7.2}% 173
\BOOKMARK [3][-]{subsubsection.7.2.3}{\376\377\000N\000o\000n\000-\000P\000a\000r\000a\000m\000e\000t\000r\000i\000c\000\040\000E\000s\000t\000i\000m\000a\000t\000i\000o\000n\000\040\000t\000o\000\040\000S\000u\000r\000v\000i\000v\000a\000l\000\040\000F\000u\000n\000c\000t\000i\000o\000n}{subsection.7.2}% 174
\BOOKMARK [3][-]{subsubsection.7.2.4}{\376\377\000H\000y\000p\000o\000t\000h\000e\000s\000i\000s\000\040\000T\000e\000s\000t\000i\000n\000g\000\040\000t\000o\000\040\000G\000r\000o\000u\000p\000\040\000C\000o\000m\000p\000a\000r\000i\000s\000o\000n}{subsection.7.2}% 175
\BOOKMARK [2][-]{subsection.7.3}{\376\377\000S\000u\000r\000v\000i\000v\000a\000l\000\040\000M\000o\000d\000e\000l\000\040\000w\000i\000t\000h\000\040\000C\000o\000v\000a\000r\000i\000a\000n\000t\000s}{section.7}% 176
\BOOKMARK [3][-]{subsubsection.7.3.1}{\376\377\000C\000o\000x\000'\000s\000\040\000P\000r\000o\000p\000o\000r\000t\000i\000o\000n\000\040\000H\000a\000z\000a\000r\000d\000\040\000M\000o\000d\000e\000l}{subsection.7.3}% 177
\BOOKMARK [3][-]{subsubsection.7.3.2}{\376\377\000A\000c\000c\000e\000l\000e\000r\000a\000t\000e\000d\000\040\000F\000a\000i\000l\000u\000r\000e\000\040\000T\000i\000m\000e\000\040\000M\000o\000d\000e\000l}{subsection.7.3}% 178
\BOOKMARK [1][-]{section.8}{\376\377\165\037\162\151\176\337\213\241\133\146\151\202\213\272\220\350\122\006}{}% 179
\BOOKMARK [2][-]{subsection.8.1}{\376\377\000F\000a\000c\000t\000o\000r\000\040\000M\000o\000d\000e\000l\000\040\000a\000n\000d\000\040\000A\000N\000O\000V\000A}{section.8}% 180
\BOOKMARK [3][-]{subsubsection.8.1.1}{\376\377\000S\000i\000n\000g\000l\000e\000\040\000F\000a\000c\000t\000o\000r\000\040\000M\000o\000d\000e\000l\000\040\000a\000n\000d\000\040\000O\000n\000e\000-\000W\000a\000y\000\040\000A\000N\000O\000V\000A}{subsection.8.1}% 181
\BOOKMARK [3][-]{subsubsection.8.1.2}{\376\377\000F\000i\000x\000e\000d\000\040\000E\000f\000f\000e\000c\000t\000\040\000a\000n\000d\000\040\000R\000a\000n\000d\000o\000m\000\040\000E\000f\000f\000e\000c\000t}{subsection.8.1}% 182
\BOOKMARK [3][-]{subsubsection.8.1.3}{\376\377\000T\000w\000o\000\040\000F\000a\000c\000t\000o\000r\000\040\000M\000o\000d\000e\000l\000\040\000a\000n\000d\000\040\000T\000w\000o\000-\000W\000a\000y\000\040\000A\000N\000O\000V\000A}{subsection.8.1}% 183
\BOOKMARK [3][-]{subsubsection.8.1.4}{\376\377\000G\000e\000n\000e\000r\000a\000l\000\040\000C\000a\000s\000e\000\040\000f\000o\000r\000\040\000F\000a\000c\000t\000o\000r\000\040\000M\000o\000d\000e\000l}{subsection.8.1}% 184
\BOOKMARK [3][-]{subsubsection.8.1.5}{\376\377\000D\000i\000a\000g\000n\000o\000s\000i\000s}{subsection.8.1}% 185
\BOOKMARK [3][-]{subsubsection.8.1.6}{\376\377\000M\000i\000s\000c\000e\000l\000l\000a\000n\000e\000o\000u\000s\000\040\000T\000o\000p\000i\000c\000s}{subsection.8.1}% 186
\BOOKMARK [2][-]{subsection.8.2}{\376\377\000S\000t\000a\000t\000i\000s\000t\000i\000c\000a\000l\000\040\000I\000n\000f\000e\000r\000e\000n\000c\000e\000\040\000o\000n\000\040\000C\000o\000n\000t\000i\000n\000g\000e\000n\000c\000y\000\040\000T\000a\000b\000l\000e}{section.8}% 187
\BOOKMARK [3][-]{subsubsection.8.2.1}{\376\377\000Q\000u\000a\000n\000t\000i\000t\000i\000e\000s\000\040\000a\000n\000d\000\040\000S\000t\000a\000t\000i\000s\000t\000i\000c\000s\000\040\000f\000r\000o\000m\000\040\000C\000o\000n\000t\000i\000n\000g\000e\000n\000c\000y\000\040\000T\000a\000b\000l\000e}{subsection.8.2}% 188
\BOOKMARK [2][-]{subsection.8.3}{\376\377\000C\000l\000i\000n\000i\000c\000a\000l\000\040\000T\000r\000i\000a\000l\000\040\000D\000e\000s\000i\000g\000n}{section.8}% 189
\BOOKMARK [2][-]{subsection.8.4}{\376\377\000G\000W\000A\000S}{section.8}% 190
\BOOKMARK [1][-]{section.9}{\376\377\176\337\213\241\133\146\116\140\133\374\213\272\220\350\122\006}{}% 191
\BOOKMARK [2][-]{subsection.9.1}{\376\377\000L\000i\000n\000e\000a\000r\000\040\000M\000o\000d\000e\000l}{section.9}% 192
\BOOKMARK [3][-]{subsubsection.9.1.1}{\376\377\000L\000i\000n\000e\000a\000r\000\040\000M\000o\000d\000e\000l\000\040\000i\000n\000\040\000M\000a\000c\000h\000i\000n\000e\000\040\000L\000e\000a\000r\000n\000i\000n\000g\000\040\000P\000e\000r\000s\000p\000e\000c\000t\000i\000v\000e}{subsection.9.1}% 193
\BOOKMARK [3][-]{subsubsection.9.1.2}{\376\377\000L\000i\000n\000e\000a\000r\000\040\000R\000e\000g\000r\000e\000s\000s\000i\000o\000n}{subsection.9.1}% 194
\BOOKMARK [3][-]{subsubsection.9.1.3}{\376\377\000N\000o\000r\000m\000a\000l\000i\000z\000a\000t\000i\000o\000n\000\040\000M\000e\000t\000h\000o\000d\000s}{subsection.9.1}% 195
\BOOKMARK [2][-]{subsection.9.2}{\376\377\000B\000a\000s\000i\000c\000\040\000C\000l\000a\000s\000s\000i\000f\000i\000c\000a\000t\000i\000o\000n\000\040\000M\000o\000d\000e\000l}{section.9}% 196
\BOOKMARK [3][-]{subsubsection.9.2.1}{\376\377\000C\000l\000a\000s\000s\000i\000f\000i\000c\000a\000t\000i\000o\000n\000\040\000M\000e\000t\000r\000i\000c\000s}{subsection.9.2}% 197
\BOOKMARK [3][-]{subsubsection.9.2.2}{\376\377\000C\000r\000o\000s\000s\000-\000V\000a\000l\000i\000d\000a\000t\000i\000o\000n}{subsection.9.2}% 198
\BOOKMARK [3][-]{subsubsection.9.2.3}{\376\377\000B\000a\000y\000e\000s\000\040\000O\000p\000t\000i\000m\000a\000l\000\040\000C\000l\000a\000s\000s\000i\000f\000i\000e\000r}{subsection.9.2}% 199
\BOOKMARK [3][-]{subsubsection.9.2.4}{\376\377\000\040\000k\000\040\000-\000N\000e\000a\000r\000e\000s\000t\000\040\000N\000e\000i\000g\000h\000b\000o\000u\000r\000s\000\040\000A\000p\000p\000r\000o\000a\000c\000h}{subsection.9.2}% 200
\BOOKMARK [3][-]{subsubsection.9.2.5}{\376\377\000D\000e\000n\000s\000i\000t\000y\000\040\000B\000a\000s\000e\000d\000\040\000C\000l\000a\000s\000s\000i\000f\000i\000c\000a\000t\000i\000o\000n}{subsection.9.2}% 201
\BOOKMARK [3][-]{subsubsection.9.2.6}{\376\377\000L\000o\000g\000i\000s\000t\000i\000c\000\040\000R\000e\000g\000r\000e\000s\000s\000i\000o\000n}{subsection.9.2}% 202
\BOOKMARK [2][-]{subsection.9.3}{\376\377\000S\000u\000p\000p\000o\000r\000t\000\040\000V\000e\000c\000t\000o\000r\000\040\000M\000a\000c\000h\000i\000n\000e}{section.9}% 203
\BOOKMARK [3][-]{subsubsection.9.3.1}{\376\377\000D\000e\000r\000i\000v\000a\000t\000i\000o\000n\000\040\000o\000f\000\040\000B\000a\000s\000i\000c\000\040\000O\000p\000t\000i\000m\000i\000z\000e\000\040\000P\000r\000o\000b\000l\000e\000m}{subsection.9.3}% 204
\BOOKMARK [3][-]{subsubsection.9.3.2}{\376\377\000S\000u\000p\000p\000o\000r\000t\000\040\000V\000e\000c\000t\000o\000r\000\040\000M\000a\000c\000h\000i\000n\000e\000\040\000a\000s\000\040\000L\000o\000s\000s\000-\000P\000e\000n\000a\000l\000i\000z\000a\000t\000i\000o\000n\000\040\000M\000e\000t\000h\000o\000d}{subsection.9.3}% 205
\BOOKMARK [3][-]{subsubsection.9.3.3}{\376\377\000K\000e\000r\000n\000e\000l\000\040\000S\000u\000p\000p\000o\000r\000t\000\040\000V\000e\000c\000t\000o\000r\000\040\000M\000a\000c\000h\000i\000n\000e}{subsection.9.3}% 206
\BOOKMARK [2][-]{subsection.9.4}{\376\377\000F\000e\000a\000t\000u\000r\000e\000\040\000E\000x\000p\000a\000n\000s\000i\000o\000n\000\040\000a\000n\000d\000\040\000K\000e\000r\000n\000e\000l\000\040\000M\000e\000t\000h\000o\000d\000s}{section.9}% 207
\BOOKMARK [3][-]{subsubsection.9.4.1}{\376\377\000R\000e\000p\000r\000o\000d\000u\000c\000i\000n\000g\000\040\000K\000e\000r\000n\000e\000l\000\040\000H\000i\000l\000b\000e\000r\000t\000\040\000S\000p\000a\000c\000e\000\040\000a\000n\000d\000\040\000T\000h\000e\000\040\000R\000e\000p\000r\000e\000s\000e\000n\000t\000e\000r\000\040\000T\000h\000e\000o\000r\000e\000m}{subsection.9.4}% 208
\BOOKMARK [3][-]{subsubsection.9.4.2}{\376\377\000U\000s\000e\000f\000u\000l\000\040\000K\000e\000r\000n\000e\000l}{subsection.9.4}% 209
\BOOKMARK [3][-]{subsubsection.9.4.3}{\376\377\000K\000e\000r\000n\000e\000l\000\040\000S\000u\000p\000p\000o\000r\000t\000\040\000V\000e\000c\000t\000o\000r\000\040\000M\000a\000c\000h\000i\000n\000e}{subsection.9.4}% 210
\BOOKMARK [3][-]{subsubsection.9.4.4}{\376\377\000S\000M\000O\000\040\000A\000l\000g\000o\000r\000i\000t\000h\000m\000\040\000f\000o\000r\000\040\000K\000e\000r\000n\000e\000l\000\040\000S\000V\000M}{subsection.9.4}% 211
\BOOKMARK [3][-]{subsubsection.9.4.5}{\376\377\000K\000e\000r\000n\000e\000l\000\040\000R\000e\000g\000r\000e\000s\000s\000i\000o\000n}{subsection.9.4}% 212
\BOOKMARK [2][-]{subsection.9.5}{\376\377\000C\000l\000u\000s\000t\000e\000r\000i\000n\000g}{section.9}% 213
\BOOKMARK [3][-]{subsubsection.9.5.1}{\376\377\000P\000r\000o\000x\000i\000m\000i\000t\000y\000\040\000M\000a\000t\000r\000i\000x}{subsection.9.5}% 214
\BOOKMARK [3][-]{subsubsection.9.5.2}{\376\377\000S\000p\000e\000c\000t\000r\000u\000m\000\040\000C\000l\000u\000s\000t\000e\000r\000i\000n\000g}{subsection.9.5}% 215
\BOOKMARK [2][-]{subsection.9.6}{\376\377\000T\000r\000e\000e\000-\000B\000a\000s\000e\000d\000\040\000C\000l\000a\000s\000s\000i\000f\000i\000c\000a\000t\000i\000o\000n\000\040\000M\000o\000d\000e\000l}{section.9}% 216
\BOOKMARK [3][-]{subsubsection.9.6.1}{\376\377\000T\000r\000e\000e\000-\000B\000a\000s\000e\000d\000\040\000C\000l\000a\000s\000s\000i\000f\000i\000c\000a\000t\000i\000o\000n}{subsection.9.6}% 217
\BOOKMARK [3][-]{subsubsection.9.6.2}{\376\377\000B\000a\000g\000g\000i\000n\000g\000\040\000a\000n\000d\000\040\000B\000o\000o\000s\000t\000i\000n\000g}{subsection.9.6}% 218
\BOOKMARK [2][-]{subsection.9.7}{\376\377\000N\000e\000u\000r\000a\000l\000\040\000N\000e\000t\000w\000o\000r\000k}{section.9}% 219
\BOOKMARK [3][-]{subsubsection.9.7.1}{\376\377\000B\000a\000c\000k\000\040\000P\000r\000o\000p\000a\000g\000a\000t\000i\000o\000n}{subsection.9.7}% 220
\BOOKMARK [1][-]{section.10}{\376\377\136\224\165\050\145\366\225\364\136\217\122\027\220\350\122\006}{}% 221
\BOOKMARK [2][-]{subsection.10.1}{\376\377\000T\000i\000m\000e\000\040\000S\000e\000r\000i\000e\000s\000\040\000D\000a\000t\000a\000\040\000a\000n\000d\000\040\000M\000o\000d\000e\000l}{section.10}% 222
\BOOKMARK [3][-]{subsubsection.10.1.1}{\376\377\000T\000i\000m\000e\000\040\000S\000e\000r\000i\000e\000s\000\040\000D\000a\000t\000a\000\040\000a\000n\000d\000\040\000T\000a\000s\000k\000s}{subsection.10.1}% 223
\BOOKMARK [3][-]{subsubsection.10.1.2}{\376\377\000T\000i\000m\000e\000\040\000S\000e\000r\000i\000e\000s\000\040\000M\000o\000d\000e\000l}{subsection.10.1}% 224
\BOOKMARK [2][-]{subsection.10.2}{\376\377\000S\000t\000o\000c\000h\000a\000s\000t\000i\000c\000\040\000P\000r\000o\000c\000e\000s\000s\000\040\000a\000n\000d\000\040\000S\000t\000a\000t\000i\000s\000t\000i\000c\000s}{section.10}% 225
\BOOKMARK [3][-]{subsubsection.10.2.1}{\376\377\000B\000a\000s\000i\000c\000\040\000K\000n\000o\000w\000l\000e\000d\000g\000e\000\040\000o\000f\000\040\000S\000t\000o\000c\000h\000a\000s\000t\000i\000c\000\040\000P\000r\000o\000c\000e\000s\000s}{subsection.10.2}% 226
\BOOKMARK [3][-]{subsubsection.10.2.2}{\376\377\000S\000t\000a\000t\000i\000s\000t\000i\000c\000s}{subsection.10.2}% 227
\BOOKMARK [2][-]{subsection.10.3}{\376\377\000A\000R\000M\000A\000\040\000M\000o\000d\000e\000l}{section.10}% 228
\BOOKMARK [3][-]{subsubsection.10.3.1}{\376\377\000B\000a\000c\000k\000s\000h\000i\000f\000t\000\040\000O\000p\000e\000r\000a\000t\000o\000r\000\040\000a\000n\000d\000\040\000D\000i\000f\000f\000e\000r\000e\000n\000c\000e\000\040\000E\000q\000u\000a\000t\000i\000o\000n}{subsection.10.3}% 229
\BOOKMARK [3][-]{subsubsection.10.3.2}{\376\377\000A\000R\000\040\000M\000o\000d\000e\000l}{subsection.10.3}% 230
\BOOKMARK [3][-]{subsubsection.10.3.3}{\376\377\000M\000A\000\040\000M\000o\000d\000e\000l}{subsection.10.3}% 231
\BOOKMARK [3][-]{subsubsection.10.3.4}{\376\377\000A\000R\000M\000A\000\040\000M\000o\000d\000e\000l}{subsection.10.3}% 232
\BOOKMARK [3][-]{subsubsection.10.3.5}{\376\377\000A\000R\000I\000M\000A\000\040\000M\000o\000d\000e\000l}{subsection.10.3}% 233
\BOOKMARK [2][-]{subsection.10.4}{\376\377\000S\000e\000a\000s\000o\000n\000a\000l\000\040\000M\000o\000d\000e\000l\000\040\000f\000o\000r\000\040\000T\000i\000m\000e\000\040\000S\000e\000r\000i\000e\000s}{section.10}% 234
\BOOKMARK [3][-]{subsubsection.10.4.1}{\376\377\000R\000e\000g\000r\000e\000s\000s\000i\000o\000n\000\040\000M\000o\000d\000e\000l}{subsection.10.4}% 235
\BOOKMARK [3][-]{subsubsection.10.4.2}{\376\377\000M\000o\000v\000i\000n\000g\000\040\000A\000v\000e\000r\000a\000g\000e\000\040\000M\000o\000d\000e\000l}{subsection.10.4}% 236
\BOOKMARK [3][-]{subsubsection.10.4.3}{\376\377\000S\000e\000a\000s\000o\000n\000a\000l\000\040\000A\000R\000I\000M\000A\000\040\000M\000o\000d\000e\000l}{subsection.10.4}% 237
\BOOKMARK [2][-]{subsection.10.5}{\376\377\000M\000o\000d\000e\000l\000\040\000S\000e\000l\000e\000c\000t\000i\000o\000n\000\040\000a\000n\000d\000\040\000D\000i\000a\000g\000n\000o\000s\000t\000i\000c\000s}{section.10}% 238
\BOOKMARK [3][-]{subsubsection.10.5.1}{\376\377\000M\000o\000d\000e\000l\000\040\000B\000u\000i\000l\000d\000i\000n\000g\000\040\000o\000f\000\040\000A\000R\000I\000M\000A}{subsection.10.5}% 239
\BOOKMARK [3][-]{subsubsection.10.5.2}{\376\377\000O\000r\000d\000e\000r\000\040\000D\000e\000t\000e\000r\000m\000i\000n\000a\000t\000i\000o\000n\000\040\000o\000f\000\040\000A\000R\000I\000M\000A\000\040\000M\000o\000d\000e\000l}{subsection.10.5}% 240
\BOOKMARK [3][-]{subsubsection.10.5.3}{\376\377\000O\000u\000t\000l\000i\000e\000r\000\040\000D\000e\000t\000e\000c\000t\000i\000o\000n}{subsection.10.5}% 241
\BOOKMARK [2][-]{subsection.10.6}{\376\377\000F\000o\000r\000e\000c\000a\000s\000t\000\040\000o\000f\000\040\000T\000i\000m\000e\000\040\000S\000e\000r\000i\000e\000s}{section.10}% 242
\BOOKMARK [3][-]{subsubsection.10.6.1}{\376\377\000M\000S\000E\000\040\000F\000o\000r\000e\000c\000a\000s\000t\000\040\000C\000r\000i\000t\000e\000r\000i\000o\000n}{subsection.10.6}% 243
\BOOKMARK [3][-]{subsubsection.10.6.2}{\376\377\000B\000e\000s\000t\000\040\000L\000i\000n\000e\000a\000r\000\040\000E\000s\000t\000i\000m\000a\000t\000o\000r}{subsection.10.6}% 244
\BOOKMARK [3][-]{subsubsection.10.6.3}{\376\377\000F\000o\000r\000e\000c\000a\000s\000t\000\040\000o\000f\000\040\000A\000R\000\040\000\050\000p\000\051\000\040}{subsection.10.6}% 245
\BOOKMARK [3][-]{subsubsection.10.6.4}{\376\377\000F\000o\000r\000e\000c\000a\000s\000t\000\040\000o\000f\000\040\000M\000A\000\040\000\050\000q\000\051\000\040}{subsection.10.6}% 246
\BOOKMARK [3][-]{subsubsection.10.6.5}{\376\377\000F\000o\000r\000e\000c\000a\000s\000t\000\040\000o\000f\000\040\000A\000R\000M\000A\000\040\000\050\000p\000,\000q\000\051\000\040}{subsection.10.6}% 247
\BOOKMARK [3][-]{subsubsection.10.6.6}{\376\377\000F\000o\000r\000e\000c\000a\000s\000t\000\040\000o\000f\000\040\000A\000R\000I\000M\000A\000\040\000\050\000p\000,\000d\000,\000q\000\051\000\040}{subsection.10.6}% 248
\BOOKMARK [1][-]{section.11}{\376\377\126\340\147\234\143\250\145\255\133\374\213\272\220\350\122\006}{}% 249
\BOOKMARK [2][-]{subsection.11.1}{\376\377\000N\000e\000y\000m\000a\000n\000-\000R\000u\000b\000i\000n\000\040\000F\000r\000a\000m\000e\000w\000o\000r\000k}{section.11}% 250
\BOOKMARK [3][-]{subsubsection.11.1.1}{\376\377\000D\000e\000s\000c\000r\000i\000p\000t\000i\000o\000n\000\040\000o\000f\000\040\000C\000a\000u\000s\000a\000l\000\040\000E\000f\000f\000e\000c\000t\000\040\000a\000n\000d\000\040\000C\000h\000a\000l\000l\000e\000n\000g\000e}{subsection.11.1}% 251
\BOOKMARK [3][-]{subsubsection.11.1.2}{\376\377\000A\000s\000s\000u\000m\000p\000t\000i\000o\000n\000s}{subsection.11.1}% 252
\BOOKMARK [2][-]{subsection.11.2}{\376\377\000I\000n\000f\000e\000r\000e\000n\000c\000e\000\040\000t\000o\000\040\000C\000a\000u\000s\000a\000l\000\040\000E\000f\000f\000e\000c\000t}{section.11}% 253
\BOOKMARK [3][-]{subsubsection.11.2.1}{\376\377\000F\000i\000s\000h\000e\000r\000'\000s\000\040\000E\000x\000a\000c\000t\000\040\000\040\000p\000\040\000-\000v\000a\000l\000u\000e}{subsection.11.2}% 254
\BOOKMARK [3][-]{subsubsection.11.2.2}{\376\377\000N\000e\000y\000m\000a\000n\000'\000s\000\040\000R\000e\000p\000e\000a\000t\000e\000d\000\040\000S\000a\000m\000p\000l\000i\000n\000g}{subsection.11.2}% 255
\BOOKMARK [2][-]{subsection.11.3}{\376\377\000P\000e\000a\000r\000l\000\040\000F\000r\000a\000m\000e\000w\000o\000r\000k}{section.11}% 256
\BOOKMARK [1][-]{section.12}{\376\377\136\224\165\050\226\217\147\072\217\307\172\013\220\350\122\006}{}% 257
\BOOKMARK [2][-]{subsection.12.1}{\376\377\000M\000i\000n\000i\000m\000u\000m\000\040\000M\000e\000a\000n\000\040\000S\000q\000u\000a\000r\000e\000d\000\040\000E\000s\000t\000i\000m\000a\000t\000o\000r}{section.12}% 258
\BOOKMARK [2][-]{subsection.12.2}{\376\377\000M\000a\000r\000k\000o\000v\000\040\000P\000r\000o\000c\000e\000s\000s}{section.12}% 259
\BOOKMARK [3][-]{subsubsection.12.2.1}{\376\377\000S\000t\000o\000c\000h\000a\000s\000t\000i\000c\000\040\000P\000r\000o\000c\000e\000s\000s}{subsection.12.2}% 260
\BOOKMARK [3][-]{subsubsection.12.2.2}{\376\377\000C\000o\000n\000d\000i\000t\000i\000o\000n\000a\000l\000\040\000I\000n\000d\000e\000p\000e\000n\000d\000e\000n\000c\000e}{subsection.12.2}% 261
\BOOKMARK [3][-]{subsubsection.12.2.3}{\376\377\000D\000i\000s\000c\000r\000e\000t\000e\000\040\000T\000i\000m\000e\000\040\000M\000a\000r\000k\000o\000v\000\040\000C\000h\000a\000i\000n}{subsection.12.2}% 262
\BOOKMARK [1][-]{subsubsection.12.2.3}{\376\377\123\302\200\003\145\207\163\056}{}% 263
